<?xml version="1.0" encoding="UTF-8"?>
<testng-results ignored="0" total="1" passed="1" failed="0" skipped="0">
  <reporter-output>
  </reporter-output>
  <suite started-at="2023-11-07T09:49:04 IST" name="Default suite" finished-at="2023-11-07T09:49:30 IST" duration-ms="25269">
    <groups>
    </groups>
    <test started-at="2023-11-07T09:49:04 IST" name="Default test" finished-at="2023-11-07T09:49:30 IST" duration-ms="25269">
      <class name="pack.OrangeHRM">
        <test-method signature="logintext()[pri:0, instance:pack.OrangeHRM@2fd1433e]" started-at="2023-11-07T09:49:04 IST" name="logintext" finished-at="2023-11-07T09:49:30 IST" duration-ms="25211" status="PASS">
          <reporter-output>
          </reporter-output>
        </test-method> <!-- logintext -->
      </class> <!-- pack.OrangeHRM -->
    </test> <!-- Default test -->
  </suite> <!-- Default suite -->
</testng-results>
